-------------------------------------------------------------------------------
Test set: com.ejercicios.VentaBoletosEstadioTest
-------------------------------------------------------------------------------
Tests run: 1, Failures: 1, Errors: 0, Skipped: 0, Time elapsed: 0.016 s <<< FAILURE! -- in com.ejercicios.VentaBoletosEstadioTest
com.ejercicios.VentaBoletosEstadioTest.testRecaudacionTotalConTabla316 -- Time elapsed: 0.011 s <<< FAILURE!
org.opentest4j.AssertionFailedError: La Recaudación Total no coincide con 3099.15 ==> expected: <true> but was: <false>
	at org.junit.jupiter.api.AssertionFailureBuilder.build(AssertionFailureBuilder.java:151)
	at org.junit.jupiter.api.AssertionFailureBuilder.buildAndThrow(AssertionFailureBuilder.java:132)
	at org.junit.jupiter.api.AssertTrue.failNotTrue(AssertTrue.java:63)
	at org.junit.jupiter.api.AssertTrue.assertTrue(AssertTrue.java:36)
	at org.junit.jupiter.api.Assertions.assertTrue(Assertions.java:214)
	at com.ejercicios.VentaBoletosEstadioTest.testRecaudacionTotalConTabla316(VentaBoletosEstadioTest.java:50)
	at java.base/java.lang.reflect.Method.invoke(Method.java:565)
	at java.base/java.util.ArrayList.forEach(ArrayList.java:1604)
	at java.base/java.util.ArrayList.forEach(ArrayList.java:1604)

