-------------------------------------------------------------------------------
Test set: com.ejercicios.VentasEstadioTest
-------------------------------------------------------------------------------
Tests run: 1, Failures: 1, Errors: 0, Skipped: 0, Time elapsed: 0.012 s <<< FAILURE! -- in com.ejercicios.VentasEstadioTest
com.ejercicios.VentasEstadioTest.testRecaudacionTotalConTabla316 -- Time elapsed: 0.010 s <<< FAILURE!
org.opentest4j.AssertionFailedError: La Recaudación Total final debe ser $3099.15. ==> expected: <true> but was: <false>
	at org.junit.jupiter.api.AssertionFailureBuilder.build(AssertionFailureBuilder.java:151)
	at org.junit.jupiter.api.AssertionFailureBuilder.buildAndThrow(AssertionFailureBuilder.java:132)
	at org.junit.jupiter.api.AssertTrue.failNotTrue(AssertTrue.java:63)
	at org.junit.jupiter.api.AssertTrue.assertTrue(AssertTrue.java:36)
	at org.junit.jupiter.api.Assertions.assertTrue(Assertions.java:214)
	at com.ejercicios.VentasEstadioTest.testRecaudacionTotalConTabla316(VentasEstadioTest.java:48)
	at java.base/java.lang.reflect.Method.invoke(Method.java:565)
	at java.base/java.util.ArrayList.forEach(ArrayList.java:1604)
	at java.base/java.util.ArrayList.forEach(ArrayList.java:1604)

