<?xml version="1.0" encoding="UTF-8"?>
<testsuite xmlns:xsi="http://www.w3.org/2001/XMLSchema-instance" xsi:noNamespaceSchemaLocation="https://maven.apache.org/surefire/maven-surefire-plugin/xsd/surefire-test-report-3.0.xsd" version="3.0" name="com.ejercicios.CalcularTangenteTest" time="0.011" tests="3" errors="0" skipped="0" failures="0">
  <properties>
[...]
</properties>
  <testcase name="testTangenteIndefinida" classname="com.ejercicios.CalcularTangenteTest" time="0.004"/>
  <testcase name="testTangenteNormal" classname="com.ejercicios.CalcularTangenteTest" time="0.003"/>
  <testcase name="testTangenteCero" classname="com.ejercicios.CalcularTangenteTest" time="0.002"/>
</testsuite>