-------------------------------------------------------------------------------
Test set: com.example.PS_2_5Test
-------------------------------------------------------------------------------
Tests run: 5, Failures: 0, Errors: 5, Skipped: 0, Time elapsed: 0.029 s <<< FAILURE! -- in com.example.PS_2_5Test
com.example.PS_2_5Test.testValoresNegativos -- Time elapsed: 0.007 s <<< ERROR!
java.lang.Error: 
Unresolved compilation problems: 
	The declared package "" does not match the expected package "com.example"
	PS_2_5 cannot be resolved
	PS_2_5 cannot be resolved
	PS_2_5 cannot be resolved
	PS_2_5 cannot be resolved
	PS_2_5 cannot be resolved

	at com.example.PS_2_5Test.<init>(PS_2_5Test.java:1)
	at java.base/java.lang.reflect.Constructor.newInstanceWithCaller(Constructor.java:501)
	at java.base/java.lang.reflect.Constructor.newInstance(Constructor.java:485)
	at java.base/java.util.Optional.orElseGet(Optional.java:364)
	at java.base/java.util.ArrayList.forEach(ArrayList.java:1597)
	at java.base/java.util.ArrayList.forEach(ArrayList.java:1597)

com.example.PS_2_5Test.testCalculosNormales -- Time elapsed: 0.001 s <<< ERROR!
java.lang.Error: 
Unresolved compilation problems: 
	The declared package "" does not match the expected package "com.example"
	PS_2_5 cannot be resolved
	PS_2_5 cannot be resolved
	PS_2_5 cannot be resolved
	PS_2_5 cannot be resolved
	PS_2_5 cannot be resolved

	at com.example.PS_2_5Test.<init>(PS_2_5Test.java:1)
	at java.base/java.lang.reflect.Constructor.newInstanceWithCaller(Constructor.java:501)
	at java.base/java.lang.reflect.Constructor.newInstance(Constructor.java:485)
	at java.base/java.util.Optional.orElseGet(Optional.java:364)
	at java.base/java.util.ArrayList.forEach(ArrayList.java:1597)
	at java.base/java.util.ArrayList.forEach(ArrayList.java:1597)

com.example.PS_2_5Test.testDivisionPorCero -- Time elapsed: 0.001 s <<< ERROR!
java.lang.Error: 
Unresolved compilation problems: 
	The declared package "" does not match the expected package "com.example"
	PS_2_5 cannot be resolved
	PS_2_5 cannot be resolved
	PS_2_5 cannot be resolved
	PS_2_5 cannot be resolved
	PS_2_5 cannot be resolved

	at com.example.PS_2_5Test.<init>(PS_2_5Test.java:1)
	at java.base/java.lang.reflect.Constructor.newInstanceWithCaller(Constructor.java:501)
	at java.base/java.lang.reflect.Constructor.newInstance(Constructor.java:485)
	at java.base/java.util.Optional.orElseGet(Optional.java:364)
	at java.base/java.util.ArrayList.forEach(ArrayList.java:1597)
	at java.base/java.util.ArrayList.forEach(ArrayList.java:1597)

com.example.PS_2_5Test.testDivisionEntera -- Time elapsed: 0.001 s <<< ERROR!
java.lang.Error: 
Unresolved compilation problems: 
	The declared package "" does not match the expected package "com.example"
	PS_2_5 cannot be resolved
	PS_2_5 cannot be resolved
	PS_2_5 cannot be resolved
	PS_2_5 cannot be resolved
	PS_2_5 cannot be resolved

	at com.example.PS_2_5Test.<init>(PS_2_5Test.java:1)
	at java.base/java.lang.reflect.Constructor.newInstanceWithCaller(Constructor.java:501)
	at java.base/java.lang.reflect.Constructor.newInstance(Constructor.java:485)
	at java.base/java.util.Optional.orElseGet(Optional.java:364)
	at java.base/java.util.ArrayList.forEach(ArrayList.java:1597)
	at java.base/java.util.ArrayList.forEach(ArrayList.java:1597)

com.example.PS_2_5Test.testResultadosGrandes -- Time elapsed: 0.002 s <<< ERROR!
java.lang.Error: 
Unresolved compilation problems: 
	The declared package "" does not match the expected package "com.example"
	PS_2_5 cannot be resolved
	PS_2_5 cannot be resolved
	PS_2_5 cannot be resolved
	PS_2_5 cannot be resolved
	PS_2_5 cannot be resolved

	at com.example.PS_2_5Test.<init>(PS_2_5Test.java:1)
	at java.base/java.lang.reflect.Constructor.newInstanceWithCaller(Constructor.java:501)
	at java.base/java.lang.reflect.Constructor.newInstance(Constructor.java:485)
	at java.base/java.util.Optional.orElseGet(Optional.java:364)
	at java.base/java.util.ArrayList.forEach(ArrayList.java:1597)
	at java.base/java.util.ArrayList.forEach(ArrayList.java:1597)

