-------------------------------------------------------------------------------
Test set: com.tutor.Problema_4_4_RTest
-------------------------------------------------------------------------------
Tests run: 1, Failures: 1, Errors: 0, Skipped: 0, Time elapsed: 0.092 s <<< FAILURE! - in com.tutor.Problema_4_4_RTest
testMainExecution  Time elapsed: 0.076 s  <<< FAILURE!
org.opentest4j.AssertionFailedError: La salida debe terminar con el arreglo de los primeros 30 primos. ==> expected: <true> but was: <false>
	at com.tutor.Problema_4_4_RTest.testMainExecution(Problema_4_4_RTest.java:42)

